08-Apr-2021 23:21:48.092 INFO [main] org.apache.catalina.startup.VersionLoggerListener.log 서버 버전 이름:    Apache Tomcat/9.0.45
08-Apr-2021 23:21:48.098 INFO [main] org.apache.catalina.startup.VersionLoggerListener.log Server 빌드 시각:  Mar 30 2021 10:29:04 UTC
08-Apr-2021 23:21:48.098 INFO [main] org.apache.catalina.startup.VersionLoggerListener.log Server 버전 번호:  9.0.45.0
08-Apr-2021 23:21:48.098 INFO [main] org.apache.catalina.startup.VersionLoggerListener.log 운영체제 이름:     Windows 10
08-Apr-2021 23:21:48.098 INFO [main] org.apache.catalina.startup.VersionLoggerListener.log 운영체제 버전:     10.0
08-Apr-2021 23:21:48.099 INFO [main] org.apache.catalina.startup.VersionLoggerListener.log 아키텍처:          amd64
08-Apr-2021 23:21:48.099 INFO [main] org.apache.catalina.startup.VersionLoggerListener.log 자바 홈:           C:\Program Files\Java\jdk-11.0.9
08-Apr-2021 23:21:48.099 INFO [main] org.apache.catalina.startup.VersionLoggerListener.log JVM 버전:          11.0.9+7-LTS
08-Apr-2021 23:21:48.099 INFO [main] org.apache.catalina.startup.VersionLoggerListener.log JVM 벤더:          Oracle Corporation
08-Apr-2021 23:21:48.099 INFO [main] org.apache.catalina.startup.VersionLoggerListener.log CATALINA_BASE:     C:\Users\lim\Desktop\대학\2021-1 휴학\jsp\apache-tomcat-9.0.45
08-Apr-2021 23:21:48.100 INFO [main] org.apache.catalina.startup.VersionLoggerListener.log CATALINA_HOME:     C:\Users\lim\Desktop\대학\2021-1 휴학\jsp\apache-tomcat-9.0.45
08-Apr-2021 23:21:48.107 INFO [main] org.apache.catalina.startup.VersionLoggerListener.log 명령 행 아규먼트:  --add-opens=java.base/java.lang=ALL-UNNAMED
08-Apr-2021 23:21:48.114 INFO [main] org.apache.catalina.startup.VersionLoggerListener.log 명령 행 아규먼트:  --add-opens=java.base/java.io=ALL-UNNAMED
08-Apr-2021 23:21:48.116 INFO [main] org.apache.catalina.startup.VersionLoggerListener.log 명령 행 아규먼트:  --add-opens=java.base/java.util=ALL-UNNAMED
08-Apr-2021 23:21:48.117 INFO [main] org.apache.catalina.startup.VersionLoggerListener.log 명령 행 아규먼트:  --add-opens=java.base/java.util.concurrent=ALL-UNNAMED
08-Apr-2021 23:21:48.118 INFO [main] org.apache.catalina.startup.VersionLoggerListener.log 명령 행 아규먼트:  --add-opens=java.rmi/sun.rmi.transport=ALL-UNNAMED
08-Apr-2021 23:21:48.120 INFO [main] org.apache.catalina.startup.VersionLoggerListener.log 명령 행 아규먼트:  -Djava.util.logging.config.file=C:\Users\lim\Desktop\대학\2021-1 휴학\jsp\apache-tomcat-9.0.45\conf\logging.properties
08-Apr-2021 23:21:48.121 INFO [main] org.apache.catalina.startup.VersionLoggerListener.log 명령 행 아규먼트:  -Djava.util.logging.manager=org.apache.juli.ClassLoaderLogManager
08-Apr-2021 23:21:48.125 INFO [main] org.apache.catalina.startup.VersionLoggerListener.log 명령 행 아규먼트:  -Djdk.tls.ephemeralDHKeySize=2048
08-Apr-2021 23:21:48.126 INFO [main] org.apache.catalina.startup.VersionLoggerListener.log 명령 행 아규먼트:  -Djava.protocol.handler.pkgs=org.apache.catalina.webresources
08-Apr-2021 23:21:48.127 INFO [main] org.apache.catalina.startup.VersionLoggerListener.log 명령 행 아규먼트:  -Dignore.endorsed.dirs=
08-Apr-2021 23:21:48.128 INFO [main] org.apache.catalina.startup.VersionLoggerListener.log 명령 행 아규먼트:  -Dcatalina.base=C:\Users\lim\Desktop\대학\2021-1 휴학\jsp\apache-tomcat-9.0.45
08-Apr-2021 23:21:48.129 INFO [main] org.apache.catalina.startup.VersionLoggerListener.log 명령 행 아규먼트:  -Dcatalina.home=C:\Users\lim\Desktop\대학\2021-1 휴학\jsp\apache-tomcat-9.0.45
08-Apr-2021 23:21:48.130 INFO [main] org.apache.catalina.startup.VersionLoggerListener.log 명령 행 아규먼트:  -Djava.io.tmpdir=C:\Users\lim\Desktop\대학\2021-1 휴학\jsp\apache-tomcat-9.0.45\temp
08-Apr-2021 23:21:48.137 INFO [main] org.apache.catalina.core.AprLifecycleListener.lifecycleEvent APR 버전 [1.7.0]을(를) 사용한, APR 기반 Apache Tomcat Native 라이브러리 [1.2.27]을(를) 로드했습니다.
08-Apr-2021 23:21:48.139 INFO [main] org.apache.catalina.core.AprLifecycleListener.lifecycleEvent APR 용량정보들: IPv6 [true], sendfile [true], accept filters [false], random [true].
08-Apr-2021 23:21:48.140 INFO [main] org.apache.catalina.core.AprLifecycleListener.lifecycleEvent APR/OpenSSL 설정: useAprConnector [false], useOpenSSL [true]
08-Apr-2021 23:21:48.149 INFO [main] org.apache.catalina.core.AprLifecycleListener.initializeSSL OpenSSL이 성공적으로 초기화되었습니다: [OpenSSL 1.1.1k  25 Mar 2021]
08-Apr-2021 23:21:48.459 INFO [main] org.apache.coyote.AbstractProtocol.init 프로토콜 핸들러 ["http-nio-8080"]을(를) 초기화합니다.
08-Apr-2021 23:21:49.359 SEVERE [main] org.apache.catalina.util.LifecycleBase.handleSubClassException 구성요소 [Connector[HTTP/1.1-8080]]을(를) 초기화하지 못했습니다.
	org.apache.catalina.LifecycleException: 프로토콜 핸들러 초기화가 실패했습니다.
		at org.apache.catalina.connector.Connector.initInternal(Connector.java:1048)
		at org.apache.catalina.util.LifecycleBase.init(LifecycleBase.java:136)
		at org.apache.catalina.core.StandardService.initInternal(StandardService.java:556)
		at org.apache.catalina.util.LifecycleBase.init(LifecycleBase.java:136)
		at org.apache.catalina.core.StandardServer.initInternal(StandardServer.java:1045)
		at org.apache.catalina.util.LifecycleBase.init(LifecycleBase.java:136)
		at org.apache.catalina.startup.Catalina.load(Catalina.java:724)
		at org.apache.catalina.startup.Catalina.load(Catalina.java:746)
		at java.base/jdk.internal.reflect.NativeMethodAccessorImpl.invoke0(Native Method)
		at java.base/jdk.internal.reflect.NativeMethodAccessorImpl.invoke(NativeMethodAccessorImpl.java:62)
		at java.base/jdk.internal.reflect.DelegatingMethodAccessorImpl.invoke(DelegatingMethodAccessorImpl.java:43)
		at java.base/java.lang.reflect.Method.invoke(Method.java:566)
		at org.apache.catalina.startup.Bootstrap.load(Bootstrap.java:302)
		at org.apache.catalina.startup.Bootstrap.main(Bootstrap.java:472)
	Caused by: java.net.BindException: Address already in use: bind
		at java.base/sun.nio.ch.Net.bind0(Native Method)
		at java.base/sun.nio.ch.Net.bind(Net.java:461)
		at java.base/sun.nio.ch.Net.bind(Net.java:453)
		at java.base/sun.nio.ch.ServerSocketChannelImpl.bind(ServerSocketChannelImpl.java:227)
		at org.apache.tomcat.util.net.NioEndpoint.initServerSocket(NioEndpoint.java:300)
		at org.apache.tomcat.util.net.NioEndpoint.bind(NioEndpoint.java:253)
		at org.apache.tomcat.util.net.AbstractEndpoint.bindWithCleanup(AbstractEndpoint.java:1204)
		at org.apache.tomcat.util.net.AbstractEndpoint.init(AbstractEndpoint.java:1217)
		at org.apache.coyote.AbstractProtocol.init(AbstractProtocol.java:603)
		at org.apache.coyote.http11.AbstractHttp11Protocol.init(AbstractHttp11Protocol.java:80)
		at org.apache.catalina.connector.Connector.initInternal(Connector.java:1045)
		... 13 more
08-Apr-2021 23:21:49.364 INFO [main] org.apache.catalina.startup.Catalina.load [1541] 밀리초 내에 서버가 초기화되었습니다.
08-Apr-2021 23:21:49.424 INFO [main] org.apache.catalina.core.StandardService.startInternal 서비스 [Catalina]을(를) 시작합니다.
08-Apr-2021 23:21:49.427 INFO [main] org.apache.catalina.core.StandardEngine.startInternal 서버 엔진을 시작합니다: [Apache Tomcat/9.0.45]
08-Apr-2021 23:21:49.443 INFO [main] org.apache.catalina.startup.HostConfig.deployDirectory 웹 애플리케이션 디렉토리 [C:\Users\lim\Desktop\대학\2021-1 휴학\jsp\apache-tomcat-9.0.45\webapps\docs]을(를) 배치합니다.
08-Apr-2021 23:21:50.613 WARNING [main] org.apache.catalina.util.SessionIdGeneratorBase.createSecureRandom [SHA1PRNG] 알고리즘을 사용하여, 세션 ID를 생성하기 위한 SecureRandom 객체를 생성하는데, [898] 밀리초가 소요됐습니다.
08-Apr-2021 23:21:50.660 INFO [main] org.apache.catalina.startup.HostConfig.deployDirectory 웹 애플리케이션 디렉토리 [C:\Users\lim\Desktop\대학\2021-1 휴학\jsp\apache-tomcat-9.0.45\webapps\docs]에 대한 배치가 [1,217] 밀리초에 완료되었습니다.
08-Apr-2021 23:21:50.664 INFO [main] org.apache.catalina.startup.HostConfig.deployDirectory 웹 애플리케이션 디렉토리 [C:\Users\lim\Desktop\대학\2021-1 휴학\jsp\apache-tomcat-9.0.45\webapps\examples]을(를) 배치합니다.
08-Apr-2021 23:21:51.424 INFO [main] org.apache.catalina.startup.HostConfig.deployDirectory 웹 애플리케이션 디렉토리 [C:\Users\lim\Desktop\대학\2021-1 휴학\jsp\apache-tomcat-9.0.45\webapps\examples]에 대한 배치가 [760] 밀리초에 완료되었습니다.
08-Apr-2021 23:21:51.426 INFO [main] org.apache.catalina.startup.HostConfig.deployDirectory 웹 애플리케이션 디렉토리 [C:\Users\lim\Desktop\대학\2021-1 휴학\jsp\apache-tomcat-9.0.45\webapps\host-manager]을(를) 배치합니다.
08-Apr-2021 23:21:51.484 INFO [main] org.apache.catalina.startup.HostConfig.deployDirectory 웹 애플리케이션 디렉토리 [C:\Users\lim\Desktop\대학\2021-1 휴학\jsp\apache-tomcat-9.0.45\webapps\host-manager]에 대한 배치가 [58] 밀리초에 완료되었습니다.
08-Apr-2021 23:21:51.485 INFO [main] org.apache.catalina.startup.HostConfig.deployDirectory 웹 애플리케이션 디렉토리 [C:\Users\lim\Desktop\대학\2021-1 휴학\jsp\apache-tomcat-9.0.45\webapps\manager]을(를) 배치합니다.
08-Apr-2021 23:21:51.539 INFO [main] org.apache.catalina.startup.HostConfig.deployDirectory 웹 애플리케이션 디렉토리 [C:\Users\lim\Desktop\대학\2021-1 휴학\jsp\apache-tomcat-9.0.45\webapps\manager]에 대한 배치가 [53] 밀리초에 완료되었습니다.
08-Apr-2021 23:21:51.542 INFO [main] org.apache.catalina.startup.HostConfig.deployDirectory 웹 애플리케이션 디렉토리 [C:\Users\lim\Desktop\대학\2021-1 휴학\jsp\apache-tomcat-9.0.45\webapps\ROOT]을(를) 배치합니다.
08-Apr-2021 23:21:51.589 INFO [main] org.apache.catalina.startup.HostConfig.deployDirectory 웹 애플리케이션 디렉토리 [C:\Users\lim\Desktop\대학\2021-1 휴학\jsp\apache-tomcat-9.0.45\webapps\ROOT]에 대한 배치가 [47] 밀리초에 완료되었습니다.
08-Apr-2021 23:21:51.598 INFO [main] org.apache.catalina.startup.Catalina.start 서버가 [2230] 밀리초 내에 시작되었습니다.
08-Apr-2021 23:22:27.120 INFO [main] org.apache.catalina.startup.VersionLoggerListener.log 서버 버전 이름:    Apache Tomcat/9.0.45
08-Apr-2021 23:22:27.123 INFO [main] org.apache.catalina.startup.VersionLoggerListener.log Server 빌드 시각:  Mar 30 2021 10:29:04 UTC
08-Apr-2021 23:22:27.123 INFO [main] org.apache.catalina.startup.VersionLoggerListener.log Server 버전 번호:  9.0.45.0
08-Apr-2021 23:22:27.124 INFO [main] org.apache.catalina.startup.VersionLoggerListener.log 운영체제 이름:     Windows 10
08-Apr-2021 23:22:27.124 INFO [main] org.apache.catalina.startup.VersionLoggerListener.log 운영체제 버전:     10.0
08-Apr-2021 23:22:27.124 INFO [main] org.apache.catalina.startup.VersionLoggerListener.log 아키텍처:          amd64
08-Apr-2021 23:22:27.124 INFO [main] org.apache.catalina.startup.VersionLoggerListener.log 자바 홈:           C:\Program Files\Java\jdk-11.0.9
08-Apr-2021 23:22:27.124 INFO [main] org.apache.catalina.startup.VersionLoggerListener.log JVM 버전:          11.0.9+7-LTS
08-Apr-2021 23:22:27.124 INFO [main] org.apache.catalina.startup.VersionLoggerListener.log JVM 벤더:          Oracle Corporation
08-Apr-2021 23:22:27.124 INFO [main] org.apache.catalina.startup.VersionLoggerListener.log CATALINA_BASE:     C:\Users\lim\Desktop\대학\2021-1 휴학\jsp\apache-tomcat-9.0.45
08-Apr-2021 23:22:27.125 INFO [main] org.apache.catalina.startup.VersionLoggerListener.log CATALINA_HOME:     C:\Users\lim\Desktop\대학\2021-1 휴학\jsp\apache-tomcat-9.0.45
08-Apr-2021 23:22:27.136 INFO [main] org.apache.catalina.startup.VersionLoggerListener.log 명령 행 아규먼트:  --add-opens=java.base/java.lang=ALL-UNNAMED
08-Apr-2021 23:22:27.136 INFO [main] org.apache.catalina.startup.VersionLoggerListener.log 명령 행 아규먼트:  --add-opens=java.base/java.io=ALL-UNNAMED
08-Apr-2021 23:22:27.137 INFO [main] org.apache.catalina.startup.VersionLoggerListener.log 명령 행 아규먼트:  --add-opens=java.base/java.util=ALL-UNNAMED
08-Apr-2021 23:22:27.138 INFO [main] org.apache.catalina.startup.VersionLoggerListener.log 명령 행 아규먼트:  --add-opens=java.base/java.util.concurrent=ALL-UNNAMED
08-Apr-2021 23:22:27.140 INFO [main] org.apache.catalina.startup.VersionLoggerListener.log 명령 행 아규먼트:  --add-opens=java.rmi/sun.rmi.transport=ALL-UNNAMED
08-Apr-2021 23:22:27.141 INFO [main] org.apache.catalina.startup.VersionLoggerListener.log 명령 행 아규먼트:  -Djava.util.logging.config.file=C:\Users\lim\Desktop\대학\2021-1 휴학\jsp\apache-tomcat-9.0.45\conf\logging.properties
08-Apr-2021 23:22:27.143 INFO [main] org.apache.catalina.startup.VersionLoggerListener.log 명령 행 아규먼트:  -Djava.util.logging.manager=org.apache.juli.ClassLoaderLogManager
08-Apr-2021 23:22:27.144 INFO [main] org.apache.catalina.startup.VersionLoggerListener.log 명령 행 아규먼트:  -Djdk.tls.ephemeralDHKeySize=2048
08-Apr-2021 23:22:27.145 INFO [main] org.apache.catalina.startup.VersionLoggerListener.log 명령 행 아규먼트:  -Djava.protocol.handler.pkgs=org.apache.catalina.webresources
08-Apr-2021 23:22:27.147 INFO [main] org.apache.catalina.startup.VersionLoggerListener.log 명령 행 아규먼트:  -Dignore.endorsed.dirs=
08-Apr-2021 23:22:27.148 INFO [main] org.apache.catalina.startup.VersionLoggerListener.log 명령 행 아규먼트:  -Dcatalina.base=C:\Users\lim\Desktop\대학\2021-1 휴학\jsp\apache-tomcat-9.0.45
08-Apr-2021 23:22:27.148 INFO [main] org.apache.catalina.startup.VersionLoggerListener.log 명령 행 아규먼트:  -Dcatalina.home=C:\Users\lim\Desktop\대학\2021-1 휴학\jsp\apache-tomcat-9.0.45
08-Apr-2021 23:22:27.150 INFO [main] org.apache.catalina.startup.VersionLoggerListener.log 명령 행 아규먼트:  -Djava.io.tmpdir=C:\Users\lim\Desktop\대학\2021-1 휴학\jsp\apache-tomcat-9.0.45\temp
08-Apr-2021 23:22:27.154 INFO [main] org.apache.catalina.core.AprLifecycleListener.lifecycleEvent APR 버전 [1.7.0]을(를) 사용한, APR 기반 Apache Tomcat Native 라이브러리 [1.2.27]을(를) 로드했습니다.
08-Apr-2021 23:22:27.156 INFO [main] org.apache.catalina.core.AprLifecycleListener.lifecycleEvent APR 용량정보들: IPv6 [true], sendfile [true], accept filters [false], random [true].
08-Apr-2021 23:22:27.157 INFO [main] org.apache.catalina.core.AprLifecycleListener.lifecycleEvent APR/OpenSSL 설정: useAprConnector [false], useOpenSSL [true]
08-Apr-2021 23:22:27.164 INFO [main] org.apache.catalina.core.AprLifecycleListener.initializeSSL OpenSSL이 성공적으로 초기화되었습니다: [OpenSSL 1.1.1k  25 Mar 2021]
08-Apr-2021 23:22:27.428 INFO [main] org.apache.coyote.AbstractProtocol.init 프로토콜 핸들러 ["http-nio-8080"]을(를) 초기화합니다.
08-Apr-2021 23:22:28.334 SEVERE [main] org.apache.catalina.util.LifecycleBase.handleSubClassException 구성요소 [Connector[HTTP/1.1-8080]]을(를) 초기화하지 못했습니다.
	org.apache.catalina.LifecycleException: 프로토콜 핸들러 초기화가 실패했습니다.
		at org.apache.catalina.connector.Connector.initInternal(Connector.java:1048)
		at org.apache.catalina.util.LifecycleBase.init(LifecycleBase.java:136)
		at org.apache.catalina.core.StandardService.initInternal(StandardService.java:556)
		at org.apache.catalina.util.LifecycleBase.init(LifecycleBase.java:136)
		at org.apache.catalina.core.StandardServer.initInternal(StandardServer.java:1045)
		at org.apache.catalina.util.LifecycleBase.init(LifecycleBase.java:136)
		at org.apache.catalina.startup.Catalina.load(Catalina.java:724)
		at org.apache.catalina.startup.Catalina.load(Catalina.java:746)
		at java.base/jdk.internal.reflect.NativeMethodAccessorImpl.invoke0(Native Method)
		at java.base/jdk.internal.reflect.NativeMethodAccessorImpl.invoke(NativeMethodAccessorImpl.java:62)
		at java.base/jdk.internal.reflect.DelegatingMethodAccessorImpl.invoke(DelegatingMethodAccessorImpl.java:43)
		at java.base/java.lang.reflect.Method.invoke(Method.java:566)
		at org.apache.catalina.startup.Bootstrap.load(Bootstrap.java:302)
		at org.apache.catalina.startup.Bootstrap.main(Bootstrap.java:472)
	Caused by: java.net.BindException: Address already in use: bind
		at java.base/sun.nio.ch.Net.bind0(Native Method)
		at java.base/sun.nio.ch.Net.bind(Net.java:461)
		at java.base/sun.nio.ch.Net.bind(Net.java:453)
		at java.base/sun.nio.ch.ServerSocketChannelImpl.bind(ServerSocketChannelImpl.java:227)
		at org.apache.tomcat.util.net.NioEndpoint.initServerSocket(NioEndpoint.java:300)
		at org.apache.tomcat.util.net.NioEndpoint.bind(NioEndpoint.java:253)
		at org.apache.tomcat.util.net.AbstractEndpoint.bindWithCleanup(AbstractEndpoint.java:1204)
		at org.apache.tomcat.util.net.AbstractEndpoint.init(AbstractEndpoint.java:1217)
		at org.apache.coyote.AbstractProtocol.init(AbstractProtocol.java:603)
		at org.apache.coyote.http11.AbstractHttp11Protocol.init(AbstractHttp11Protocol.java:80)
		at org.apache.catalina.connector.Connector.initInternal(Connector.java:1045)
		... 13 more
08-Apr-2021 23:22:28.337 INFO [main] org.apache.catalina.startup.Catalina.load [1449] 밀리초 내에 서버가 초기화되었습니다.
08-Apr-2021 23:22:28.399 INFO [main] org.apache.catalina.core.StandardService.startInternal 서비스 [Catalina]을(를) 시작합니다.
08-Apr-2021 23:22:28.402 INFO [main] org.apache.catalina.core.StandardEngine.startInternal 서버 엔진을 시작합니다: [Apache Tomcat/9.0.45]
08-Apr-2021 23:22:28.416 INFO [main] org.apache.catalina.startup.HostConfig.deployDirectory 웹 애플리케이션 디렉토리 [C:\Users\lim\Desktop\대학\2021-1 휴학\jsp\apache-tomcat-9.0.45\webapps\docs]을(를) 배치합니다.
08-Apr-2021 23:22:29.490 WARNING [main] org.apache.catalina.util.SessionIdGeneratorBase.createSecureRandom [SHA1PRNG] 알고리즘을 사용하여, 세션 ID를 생성하기 위한 SecureRandom 객체를 생성하는데, [813] 밀리초가 소요됐습니다.
08-Apr-2021 23:22:29.521 INFO [main] org.apache.catalina.startup.HostConfig.deployDirectory 웹 애플리케이션 디렉토리 [C:\Users\lim\Desktop\대학\2021-1 휴학\jsp\apache-tomcat-9.0.45\webapps\docs]에 대한 배치가 [1,105] 밀리초에 완료되었습니다.
08-Apr-2021 23:22:29.524 INFO [main] org.apache.catalina.startup.HostConfig.deployDirectory 웹 애플리케이션 디렉토리 [C:\Users\lim\Desktop\대학\2021-1 휴학\jsp\apache-tomcat-9.0.45\webapps\examples]을(를) 배치합니다.
08-Apr-2021 23:22:30.058 INFO [main] org.apache.catalina.startup.HostConfig.deployDirectory 웹 애플리케이션 디렉토리 [C:\Users\lim\Desktop\대학\2021-1 휴학\jsp\apache-tomcat-9.0.45\webapps\examples]에 대한 배치가 [534] 밀리초에 완료되었습니다.
08-Apr-2021 23:22:30.059 INFO [main] org.apache.catalina.startup.HostConfig.deployDirectory 웹 애플리케이션 디렉토리 [C:\Users\lim\Desktop\대학\2021-1 휴학\jsp\apache-tomcat-9.0.45\webapps\host-manager]을(를) 배치합니다.
08-Apr-2021 23:22:30.112 INFO [main] org.apache.catalina.startup.HostConfig.deployDirectory 웹 애플리케이션 디렉토리 [C:\Users\lim\Desktop\대학\2021-1 휴학\jsp\apache-tomcat-9.0.45\webapps\host-manager]에 대한 배치가 [53] 밀리초에 완료되었습니다.
08-Apr-2021 23:22:30.117 INFO [main] org.apache.catalina.startup.HostConfig.deployDirectory 웹 애플리케이션 디렉토리 [C:\Users\lim\Desktop\대학\2021-1 휴학\jsp\apache-tomcat-9.0.45\webapps\manager]을(를) 배치합니다.
08-Apr-2021 23:22:30.165 INFO [main] org.apache.catalina.startup.HostConfig.deployDirectory 웹 애플리케이션 디렉토리 [C:\Users\lim\Desktop\대학\2021-1 휴학\jsp\apache-tomcat-9.0.45\webapps\manager]에 대한 배치가 [48] 밀리초에 완료되었습니다.
08-Apr-2021 23:22:30.168 INFO [main] org.apache.catalina.startup.HostConfig.deployDirectory 웹 애플리케이션 디렉토리 [C:\Users\lim\Desktop\대학\2021-1 휴학\jsp\apache-tomcat-9.0.45\webapps\ROOT]을(를) 배치합니다.
08-Apr-2021 23:22:30.216 INFO [main] org.apache.catalina.startup.HostConfig.deployDirectory 웹 애플리케이션 디렉토리 [C:\Users\lim\Desktop\대학\2021-1 휴학\jsp\apache-tomcat-9.0.45\webapps\ROOT]에 대한 배치가 [48] 밀리초에 완료되었습니다.
08-Apr-2021 23:22:30.222 INFO [main] org.apache.catalina.startup.Catalina.start 서버가 [1881] 밀리초 내에 시작되었습니다.
